Scenario status: OK
========================================================================================================================
Run name: without app

Summary run status                                                     OK
                 
Artifacts dir                                                          2023-12-07_13-24-15 
OS                                                                     Linux               
DC Apps Performance Toolkit version                                    7.6.0 (OK: Toolkit is up to date)
Application                                                            jira 9.4.10         
Dataset info                                                           1058439 issues      
Application nodes count                                                1                   
Available Processors                                                   6                   
Deployment                                                             terraform           
Concurrency                                                            200                 
Expected test run duration from yml file                               2700 sec            
Actual test run duration                                               2897 sec            
Finished                                                               (True, 'OK')        
Compliant                                                              (True, 'OK')        
Success                                                                (True, 'OK')        
Has app-specific actions                                               False               

Action                                                                Success Rate        90th Percentile     Status              
jmeter_login_and_view_dashboard                                        100.0               0.85                OK                  
jmeter_view_issue                                                      100.0               0.54                OK                  
jmeter_view_dashboard                                                  100.0               0.39                OK                  
jmeter_search_jql                                                      100.0               1.13                OK                  
jmeter_view_scrum_board                                                100.0               0.55                OK                  
jmeter_view_backlog                                                    100.0               0.81                OK                  
jmeter_create_issue:open_quick_create                                  100.0               0.17                OK                  
jmeter_create_issue:fill_and_submit_issue_form                         100.0               0.44                OK                  
jmeter_view_kanban_board                                               100.0               0.5                 OK                  
jmeter_browse_projects                                                 100.0               0.23                OK                  
jmeter_edit_issue:open_editor                                          100.0               0.3                 OK                  
jmeter_edit_issue:save_edit                                            100.0               0.76                OK                  
jmeter_view_project_summary                                            100.0               0.37                OK                  
jmeter_add_comment:open_comment                                        100.0               0.25                OK                  
jmeter_add_comment:save_comment                                        100.0               0.7                 OK                  
jmeter_browse_boards                                                   100.0               0.25                OK                  
selenium_login:open_login_page                                         100.0               0.12                OK                  
selenium_login:login_and_view_dashboard                                100.0               0.74                OK                  
selenium_login                                                         100.0               0.85                OK                  
selenium_project_summary                                               100.0               0.4                 OK                  
selenium_browse_projects_list                                          100.0               0.31                OK                  
selenium_browse_boards_list                                            100.0               1.61                OK                  
selenium_create_issue:open_quick_create                                100.0               1.55                OK                  
selenium_create_issue:fill_and_submit_issue_form:submit_issue_form     100.0               1.5                 OK                  
selenium_create_issue:fill_and_submit_issue_form                       100.0               2.04                OK                  
selenium_create_issue                                                  100.0               3.59                OK                  
selenium_edit_issue:open_edit_issue_form                               100.0               0.47                OK                  
selenium_edit_issue:save_edit_issue_form                               100.0               0.54                OK                  
selenium_edit_issue                                                    100.0               2.51                OK                  
selenium_save_comment:open_comment_form                                100.0               0.23                OK                  
selenium_save_comment:submit_form                                      100.0               0.76                OK                  
selenium_save_comment                                                  100.0               2.45                OK                  
selenium_search_jql                                                    100.0               1.72                OK                  
selenium_view_scrum_board_backlog                                      100.0               1.74                OK                  
selenium_view_scrum_board                                              100.0               1.69                OK                  
selenium_view_kanban_board                                             100.0               1.68                OK                  
selenium_view_dashboard                                                100.0               0.26                OK                  
selenium_view_issue                                                    100.0               0.5                 OK                  
selenium_log_out                                                       100.0               0.36                OK                  

========================================================================================================================
Run name: with app

Summary run status                                                     OK
                 
Artifacts dir                                                          2023-12-12_10-37-09 
OS                                                                     Linux               
DC Apps Performance Toolkit version                                    7.6.0 (OK: Toolkit is up to date)
Application                                                            jira 9.4.10         
Dataset info                                                           1062101 issues      
Application nodes count                                                1                   
Available Processors                                                   6                   
Deployment                                                             terraform           
Concurrency                                                            200                 
Expected test run duration from yml file                               2700 sec            
Actual test run duration                                               2898 sec            
Finished                                                               (True, 'OK')        
Compliant                                                              (True, 'OK')        
Success                                                                (True, 'OK')        
Has app-specific actions                                               False               

Action                                                                Success Rate        90th Percentile     Status              
jmeter_login_and_view_dashboard                                        100.0               0.81                OK                  
jmeter_view_issue                                                      100.0               0.63                OK                  
jmeter_view_dashboard                                                  100.0               0.38                OK                  
jmeter_search_jql                                                      100.0               1.16                OK                  
jmeter_view_scrum_board                                                100.0               0.51                OK                  
jmeter_view_backlog                                                    100.0               0.73                OK                  
jmeter_create_issue:open_quick_create                                  100.0               0.16                OK                  
jmeter_create_issue:fill_and_submit_issue_form                         100.0               0.42                OK                  
jmeter_view_kanban_board                                               100.0               0.47                OK                  
jmeter_browse_projects                                                 100.0               0.2                 OK                  
jmeter_edit_issue:open_editor                                          100.0               0.28                OK                  
jmeter_edit_issue:save_edit                                            100.0               0.83                OK                  
jmeter_view_project_summary                                            100.0               0.34                OK                  
jmeter_add_comment:open_comment                                        100.0               0.23                OK                  
jmeter_add_comment:save_comment                                        100.0               0.75                OK                  
jmeter_browse_boards                                                   100.0               0.25                OK                  
selenium_login:open_login_page                                         100.0               0.13                OK                  
selenium_login:login_and_view_dashboard                                100.0               0.65                OK                  
selenium_login                                                         100.0               0.77                OK                  
selenium_project_summary                                               100.0               0.37                OK                  
selenium_browse_projects_list                                          100.0               0.3                 OK                  
selenium_browse_boards_list                                            100.0               1.56                OK                  
selenium_create_issue:open_quick_create                                100.0               1.54                OK                  
selenium_create_issue:fill_and_submit_issue_form:submit_issue_form     100.0               1.45                OK                  
selenium_create_issue:fill_and_submit_issue_form                       100.0               2.02                OK                  
selenium_create_issue                                                  100.0               3.56                OK                  
selenium_edit_issue:open_edit_issue_form                               100.0               0.43                OK                  
selenium_edit_issue:save_edit_issue_form                               100.0               0.5                 OK                  
selenium_edit_issue                                                    100.0               2.35                OK                  
selenium_save_comment:open_comment_form                                100.0               0.22                OK                  
selenium_save_comment:submit_form                                      100.0               0.87                OK                  
selenium_save_comment                                                  100.0               2.49                OK                  
selenium_search_jql                                                    100.0               2.23                OK                  
selenium_view_scrum_board_backlog                                      100.0               1.7                 OK                  
selenium_view_scrum_board                                              100.0               1.66                OK                  
selenium_view_kanban_board                                             100.0               1.66                OK                  
selenium_view_dashboard                                                100.0               0.24                OK                  
selenium_view_issue                                                    100.0               0.59                OK                  
selenium_log_out                                                       100.0               0.32                OK                  

========================================================================================================================
